CRITICAL - 2025-04-26 00:11:24 --> CodeIgniter\View\Exceptions\ViewException: Invalid file: "Tecnicas/Enlaces.php"
[Method: GET, Route: Principal]
in SYSTEMPATH\Exceptions\FrameworkException.php on line 39.
 1 SYSTEMPATH\View\View.php(212): CodeIgniter\Exceptions\FrameworkException::forInvalidFile('Tecnicas/Enlaces.php')
 2 SYSTEMPATH\Common.php(1173): CodeIgniter\View\View->render('Tecnicas/Enlaces', [], true)
 3 APPPATH\Views\Tecnicas\principal.php(7): view('Tecnicas/Enlaces')
 4 SYSTEMPATH\View\View.php(224): include('C:\\xampp\\htdocs\\codeigniter4\\app\\Views\\Tecnicas\\principal.php')
 5 SYSTEMPATH\View\View.php(227): CodeIgniter\View\View->CodeIgniter\View\{closure}()
 6 SYSTEMPATH\Common.php(1173): CodeIgniter\View\View->render('Tecnicas/principal', [], true)
 7 APPPATH\Controllers\Tecnicas\Controlador.php(11): view('Tecnicas/principal')
 8 SYSTEMPATH\CodeIgniter.php(933): App\Controllers\Tecnicas\Controlador->index()
 9 SYSTEMPATH\CodeIgniter.php(507): CodeIgniter\CodeIgniter->runController(Object(App\Controllers\Tecnicas\Controlador))
10 SYSTEMPATH\CodeIgniter.php(354): CodeIgniter\CodeIgniter->handleRequest(null, Object(Config\Cache), false)
11 SYSTEMPATH\Boot.php(334): CodeIgniter\CodeIgniter->run()
12 SYSTEMPATH\Boot.php(67): CodeIgniter\Boot::runCodeIgniter(Object(CodeIgniter\CodeIgniter))
13 FCPATH\index.php(56): CodeIgniter\Boot::bootWeb(Object(Config\Paths))
CRITICAL - 2025-04-26 00:12:53 --> CodeIgniter\View\Exceptions\ViewException: Invalid file: "Tecnicas/opcionesTareaMobile.php"
[Method: GET, Route: Principal]
in SYSTEMPATH\Exceptions\FrameworkException.php on line 39.
 1 SYSTEMPATH\View\View.php(212): CodeIgniter\Exceptions\FrameworkException::forInvalidFile('Tecnicas/opcionesTareaMobile.php')
 2 SYSTEMPATH\Common.php(1173): CodeIgniter\View\View->render('Tecnicas/opcionesTareaMobile', [], true)
 3 APPPATH\Views\Tecnicas\VistasPrincipales\opcionesTareaActual.php(26): view('Tecnicas/opcionesTareaMobile')
 4 SYSTEMPATH\View\View.php(224): include('C:\\xampp\\htdocs\\codeigniter4\\app\\Views\\Tecnicas\\VistasPrincipales\\opcionesTareaActual.php')
 5 SYSTEMPATH\View\View.php(227): CodeIgniter\View\View->CodeIgniter\View\{closure}()
 6 SYSTEMPATH\Common.php(1173): CodeIgniter\View\View->render('Tecnicas/VistasPrincipales/opcionesTareaActual', [], true)
 7 APPPATH\Views\Tecnicas\principal.php(28): view('Tecnicas/VistasPrincipales/opcionesTareaActual')
 8 SYSTEMPATH\View\View.php(224): include('C:\\xampp\\htdocs\\codeigniter4\\app\\Views\\Tecnicas\\principal.php')
 9 SYSTEMPATH\View\View.php(227): CodeIgniter\View\View->CodeIgniter\View\{closure}()
10 SYSTEMPATH\Common.php(1173): CodeIgniter\View\View->render('Tecnicas/principal', [], true)
11 APPPATH\Controllers\Tecnicas\Controlador.php(11): view('Tecnicas/principal')
12 SYSTEMPATH\CodeIgniter.php(933): App\Controllers\Tecnicas\Controlador->index()
13 SYSTEMPATH\CodeIgniter.php(507): CodeIgniter\CodeIgniter->runController(Object(App\Controllers\Tecnicas\Controlador))
14 SYSTEMPATH\CodeIgniter.php(354): CodeIgniter\CodeIgniter->handleRequest(null, Object(Config\Cache), false)
15 SYSTEMPATH\Boot.php(334): CodeIgniter\CodeIgniter->run()
16 SYSTEMPATH\Boot.php(67): CodeIgniter\Boot::runCodeIgniter(Object(CodeIgniter\CodeIgniter))
17 FCPATH\index.php(56): CodeIgniter\Boot::bootWeb(Object(Config\Paths))
CRITICAL - 2025-04-26 00:14:38 --> CodeIgniter\View\Exceptions\ViewException: Invalid file: "Tecnicas/opcionesTareaMobile.php"
[Method: GET, Route: Principal]
in SYSTEMPATH\Exceptions\FrameworkException.php on line 39.
 1 SYSTEMPATH\View\View.php(212): CodeIgniter\Exceptions\FrameworkException::forInvalidFile('Tecnicas/opcionesTareaMobile.php')
 2 SYSTEMPATH\Common.php(1173): CodeIgniter\View\View->render('Tecnicas/opcionesTareaMobile', [], true)
 3 APPPATH\Views\Tecnicas\VistasPrincipales\opcionesTareaActual.php(26): view('Tecnicas/opcionesTareaMobile')
 4 SYSTEMPATH\View\View.php(224): include('C:\\xampp\\htdocs\\codeigniter4\\app\\Views\\Tecnicas\\VistasPrincipales\\opcionesTareaActual.php')
 5 SYSTEMPATH\View\View.php(227): CodeIgniter\View\View->CodeIgniter\View\{closure}()
 6 SYSTEMPATH\Common.php(1173): CodeIgniter\View\View->render('Tecnicas/VistasPrincipales/opcionesTareaActual', [], true)
 7 APPPATH\Views\Tecnicas\principal.php(28): view('Tecnicas/VistasPrincipales/opcionesTareaActual')
 8 SYSTEMPATH\View\View.php(224): include('C:\\xampp\\htdocs\\codeigniter4\\app\\Views\\Tecnicas\\principal.php')
 9 SYSTEMPATH\View\View.php(227): CodeIgniter\View\View->CodeIgniter\View\{closure}()
10 SYSTEMPATH\Common.php(1173): CodeIgniter\View\View->render('Tecnicas/principal', [], true)
11 APPPATH\Controllers\Tecnicas\Controlador.php(11): view('Tecnicas/principal')
12 SYSTEMPATH\CodeIgniter.php(933): App\Controllers\Tecnicas\Controlador->index()
13 SYSTEMPATH\CodeIgniter.php(507): CodeIgniter\CodeIgniter->runController(Object(App\Controllers\Tecnicas\Controlador))
14 SYSTEMPATH\CodeIgniter.php(354): CodeIgniter\CodeIgniter->handleRequest(null, Object(Config\Cache), false)
15 SYSTEMPATH\Boot.php(334): CodeIgniter\CodeIgniter->run()
16 SYSTEMPATH\Boot.php(67): CodeIgniter\Boot::runCodeIgniter(Object(CodeIgniter\CodeIgniter))
17 FCPATH\index.php(56): CodeIgniter\Boot::bootWeb(Object(Config\Paths))
CRITICAL - 2025-04-26 00:14:42 --> CodeIgniter\View\Exceptions\ViewException: Invalid file: "Tecnicas/opcionesTareaMobile.php"
[Method: GET, Route: Principal]
in SYSTEMPATH\Exceptions\FrameworkException.php on line 39.
 1 SYSTEMPATH\View\View.php(212): CodeIgniter\Exceptions\FrameworkException::forInvalidFile('Tecnicas/opcionesTareaMobile.php')
 2 SYSTEMPATH\Common.php(1173): CodeIgniter\View\View->render('Tecnicas/opcionesTareaMobile', [], true)
 3 APPPATH\Views\Tecnicas\VistasPrincipales\opcionesTareaActual.php(26): view('Tecnicas/opcionesTareaMobile')
 4 SYSTEMPATH\View\View.php(224): include('C:\\xampp\\htdocs\\codeigniter4\\app\\Views\\Tecnicas\\VistasPrincipales\\opcionesTareaActual.php')
 5 SYSTEMPATH\View\View.php(227): CodeIgniter\View\View->CodeIgniter\View\{closure}()
 6 SYSTEMPATH\Common.php(1173): CodeIgniter\View\View->render('Tecnicas/VistasPrincipales/opcionesTareaActual', [], true)
 7 APPPATH\Views\Tecnicas\principal.php(28): view('Tecnicas/VistasPrincipales/opcionesTareaActual')
 8 SYSTEMPATH\View\View.php(224): include('C:\\xampp\\htdocs\\codeigniter4\\app\\Views\\Tecnicas\\principal.php')
 9 SYSTEMPATH\View\View.php(227): CodeIgniter\View\View->CodeIgniter\View\{closure}()
10 SYSTEMPATH\Common.php(1173): CodeIgniter\View\View->render('Tecnicas/principal', [], true)
11 APPPATH\Controllers\Tecnicas\Controlador.php(11): view('Tecnicas/principal')
12 SYSTEMPATH\CodeIgniter.php(933): App\Controllers\Tecnicas\Controlador->index()
13 SYSTEMPATH\CodeIgniter.php(507): CodeIgniter\CodeIgniter->runController(Object(App\Controllers\Tecnicas\Controlador))
14 SYSTEMPATH\CodeIgniter.php(354): CodeIgniter\CodeIgniter->handleRequest(null, Object(Config\Cache), false)
15 SYSTEMPATH\Boot.php(334): CodeIgniter\CodeIgniter->run()
16 SYSTEMPATH\Boot.php(67): CodeIgniter\Boot::runCodeIgniter(Object(CodeIgniter\CodeIgniter))
17 FCPATH\index.php(56): CodeIgniter\Boot::bootWeb(Object(Config\Paths))
CRITICAL - 2025-04-26 00:14:42 --> CodeIgniter\View\Exceptions\ViewException: Invalid file: "Tecnicas/opcionesTareaMobile.php"
[Method: GET, Route: Principal]
in SYSTEMPATH\Exceptions\FrameworkException.php on line 39.
 1 SYSTEMPATH\View\View.php(212): CodeIgniter\Exceptions\FrameworkException::forInvalidFile('Tecnicas/opcionesTareaMobile.php')
 2 SYSTEMPATH\Common.php(1173): CodeIgniter\View\View->render('Tecnicas/opcionesTareaMobile', [], true)
 3 APPPATH\Views\Tecnicas\VistasPrincipales\opcionesTareaActual.php(26): view('Tecnicas/opcionesTareaMobile')
 4 SYSTEMPATH\View\View.php(224): include('C:\\xampp\\htdocs\\codeigniter4\\app\\Views\\Tecnicas\\VistasPrincipales\\opcionesTareaActual.php')
 5 SYSTEMPATH\View\View.php(227): CodeIgniter\View\View->CodeIgniter\View\{closure}()
 6 SYSTEMPATH\Common.php(1173): CodeIgniter\View\View->render('Tecnicas/VistasPrincipales/opcionesTareaActual', [], true)
 7 APPPATH\Views\Tecnicas\principal.php(28): view('Tecnicas/VistasPrincipales/opcionesTareaActual')
 8 SYSTEMPATH\View\View.php(224): include('C:\\xampp\\htdocs\\codeigniter4\\app\\Views\\Tecnicas\\principal.php')
 9 SYSTEMPATH\View\View.php(227): CodeIgniter\View\View->CodeIgniter\View\{closure}()
10 SYSTEMPATH\Common.php(1173): CodeIgniter\View\View->render('Tecnicas/principal', [], true)
11 APPPATH\Controllers\Tecnicas\Controlador.php(11): view('Tecnicas/principal')
12 SYSTEMPATH\CodeIgniter.php(933): App\Controllers\Tecnicas\Controlador->index()
13 SYSTEMPATH\CodeIgniter.php(507): CodeIgniter\CodeIgniter->runController(Object(App\Controllers\Tecnicas\Controlador))
14 SYSTEMPATH\CodeIgniter.php(354): CodeIgniter\CodeIgniter->handleRequest(null, Object(Config\Cache), false)
15 SYSTEMPATH\Boot.php(334): CodeIgniter\CodeIgniter->run()
16 SYSTEMPATH\Boot.php(67): CodeIgniter\Boot::runCodeIgniter(Object(CodeIgniter\CodeIgniter))
17 FCPATH\index.php(56): CodeIgniter\Boot::bootWeb(Object(Config\Paths))
CRITICAL - 2025-04-26 00:23:40 --> CodeIgniter\View\Exceptions\ViewException: Invalid file: "Tecnicas/nav1.php"
[Method: GET, Route: Compartidos]
in SYSTEMPATH\Exceptions\FrameworkException.php on line 39.
 1 SYSTEMPATH\View\View.php(212): CodeIgniter\Exceptions\FrameworkException::forInvalidFile('Tecnicas/nav1.php')
 2 SYSTEMPATH\Common.php(1173): CodeIgniter\View\View->render('Tecnicas/nav1', [], true)
 3 APPPATH\Views\Tecnicas\TareasCompartidas.php(15): view('Tecnicas/nav1')
 4 SYSTEMPATH\View\View.php(224): include('C:\\xampp\\htdocs\\codeigniter4\\app\\Views\\Tecnicas\\TareasCompartidas.php')
 5 SYSTEMPATH\View\View.php(227): CodeIgniter\View\View->CodeIgniter\View\{closure}()
 6 SYSTEMPATH\Common.php(1173): CodeIgniter\View\View->render('Tecnicas/TareasCompartidas', [], true)
 7 APPPATH\Controllers\Tecnicas\Controlador.php(45): view('Tecnicas/TareasCompartidas')
 8 SYSTEMPATH\CodeIgniter.php(933): App\Controllers\Tecnicas\Controlador->tareasCompartidas()
 9 SYSTEMPATH\CodeIgniter.php(507): CodeIgniter\CodeIgniter->runController(Object(App\Controllers\Tecnicas\Controlador))
10 SYSTEMPATH\CodeIgniter.php(354): CodeIgniter\CodeIgniter->handleRequest(null, Object(Config\Cache), false)
11 SYSTEMPATH\Boot.php(334): CodeIgniter\CodeIgniter->run()
12 SYSTEMPATH\Boot.php(67): CodeIgniter\Boot::runCodeIgniter(Object(CodeIgniter\CodeIgniter))
13 FCPATH\index.php(56): CodeIgniter\Boot::bootWeb(Object(Config\Paths))
CRITICAL - 2025-04-26 00:24:16 --> CodeIgniter\View\Exceptions\ViewException: Invalid file: "Tecnicas/nav1.php"
[Method: GET, Route: Compartidos]
in SYSTEMPATH\Exceptions\FrameworkException.php on line 39.
 1 SYSTEMPATH\View\View.php(212): CodeIgniter\Exceptions\FrameworkException::forInvalidFile('Tecnicas/nav1.php')
 2 SYSTEMPATH\Common.php(1173): CodeIgniter\View\View->render('Tecnicas/nav1', [], true)
 3 APPPATH\Views\Tecnicas\TareasCompartidas.php(15): view('Tecnicas/nav1')
 4 SYSTEMPATH\View\View.php(224): include('C:\\xampp\\htdocs\\codeigniter4\\app\\Views\\Tecnicas\\TareasCompartidas.php')
 5 SYSTEMPATH\View\View.php(227): CodeIgniter\View\View->CodeIgniter\View\{closure}()
 6 SYSTEMPATH\Common.php(1173): CodeIgniter\View\View->render('Tecnicas/TareasCompartidas', [], true)
 7 APPPATH\Controllers\Tecnicas\Controlador.php(45): view('Tecnicas/TareasCompartidas')
 8 SYSTEMPATH\CodeIgniter.php(933): App\Controllers\Tecnicas\Controlador->tareasCompartidas()
 9 SYSTEMPATH\CodeIgniter.php(507): CodeIgniter\CodeIgniter->runController(Object(App\Controllers\Tecnicas\Controlador))
10 SYSTEMPATH\CodeIgniter.php(354): CodeIgniter\CodeIgniter->handleRequest(null, Object(Config\Cache), false)
11 SYSTEMPATH\Boot.php(334): CodeIgniter\CodeIgniter->run()
12 SYSTEMPATH\Boot.php(67): CodeIgniter\Boot::runCodeIgniter(Object(CodeIgniter\CodeIgniter))
13 FCPATH\index.php(56): CodeIgniter\Boot::bootWeb(Object(Config\Paths))
CRITICAL - 2025-04-26 00:24:41 --> CodeIgniter\View\Exceptions\ViewException: Invalid file: "Tecnicas/nav1.php"
[Method: GET, Route: Compartidos]
in SYSTEMPATH\Exceptions\FrameworkException.php on line 39.
 1 SYSTEMPATH\View\View.php(212): CodeIgniter\Exceptions\FrameworkException::forInvalidFile('Tecnicas/nav1.php')
 2 SYSTEMPATH\Common.php(1173): CodeIgniter\View\View->render('Tecnicas/nav1', [], true)
 3 APPPATH\Views\Tecnicas\TareasCompartidas.php(15): view('Tecnicas/nav1')
 4 SYSTEMPATH\View\View.php(224): include('C:\\xampp\\htdocs\\codeigniter4\\app\\Views\\Tecnicas\\TareasCompartidas.php')
 5 SYSTEMPATH\View\View.php(227): CodeIgniter\View\View->CodeIgniter\View\{closure}()
 6 SYSTEMPATH\Common.php(1173): CodeIgniter\View\View->render('Tecnicas/TareasCompartidas', [], true)
 7 APPPATH\Controllers\Tecnicas\Controlador.php(45): view('Tecnicas/TareasCompartidas')
 8 SYSTEMPATH\CodeIgniter.php(933): App\Controllers\Tecnicas\Controlador->tareasCompartidas()
 9 SYSTEMPATH\CodeIgniter.php(507): CodeIgniter\CodeIgniter->runController(Object(App\Controllers\Tecnicas\Controlador))
10 SYSTEMPATH\CodeIgniter.php(354): CodeIgniter\CodeIgniter->handleRequest(null, Object(Config\Cache), false)
11 SYSTEMPATH\Boot.php(334): CodeIgniter\CodeIgniter->run()
12 SYSTEMPATH\Boot.php(67): CodeIgniter\Boot::runCodeIgniter(Object(CodeIgniter\CodeIgniter))
13 FCPATH\index.php(56): CodeIgniter\Boot::bootWeb(Object(Config\Paths))
CRITICAL - 2025-04-26 00:24:44 --> CodeIgniter\View\Exceptions\ViewException: Invalid file: "Tecnicas/nav1.php"
[Method: GET, Route: Compartidos]
in SYSTEMPATH\Exceptions\FrameworkException.php on line 39.
 1 SYSTEMPATH\View\View.php(212): CodeIgniter\Exceptions\FrameworkException::forInvalidFile('Tecnicas/nav1.php')
 2 SYSTEMPATH\Common.php(1173): CodeIgniter\View\View->render('Tecnicas/nav1', [], true)
 3 APPPATH\Views\Tecnicas\TareasCompartidas.php(15): view('Tecnicas/nav1')
 4 SYSTEMPATH\View\View.php(224): include('C:\\xampp\\htdocs\\codeigniter4\\app\\Views\\Tecnicas\\TareasCompartidas.php')
 5 SYSTEMPATH\View\View.php(227): CodeIgniter\View\View->CodeIgniter\View\{closure}()
 6 SYSTEMPATH\Common.php(1173): CodeIgniter\View\View->render('Tecnicas/TareasCompartidas', [], true)
 7 APPPATH\Controllers\Tecnicas\Controlador.php(45): view('Tecnicas/TareasCompartidas')
 8 SYSTEMPATH\CodeIgniter.php(933): App\Controllers\Tecnicas\Controlador->tareasCompartidas()
 9 SYSTEMPATH\CodeIgniter.php(507): CodeIgniter\CodeIgniter->runController(Object(App\Controllers\Tecnicas\Controlador))
10 SYSTEMPATH\CodeIgniter.php(354): CodeIgniter\CodeIgniter->handleRequest(null, Object(Config\Cache), false)
11 SYSTEMPATH\Boot.php(334): CodeIgniter\CodeIgniter->run()
12 SYSTEMPATH\Boot.php(67): CodeIgniter\Boot::runCodeIgniter(Object(CodeIgniter\CodeIgniter))
13 FCPATH\index.php(56): CodeIgniter\Boot::bootWeb(Object(Config\Paths))
CRITICAL - 2025-04-26 00:25:34 --> CodeIgniter\View\Exceptions\ViewException: Invalid file: "Tecnicas/nav1.php"
[Method: GET, Route: Compartidos]
in SYSTEMPATH\Exceptions\FrameworkException.php on line 39.
 1 SYSTEMPATH\View\View.php(212): CodeIgniter\Exceptions\FrameworkException::forInvalidFile('Tecnicas/nav1.php')
 2 SYSTEMPATH\Common.php(1173): CodeIgniter\View\View->render('Tecnicas/nav1', [], true)
 3 APPPATH\Views\Tecnicas\TareasCompartidas.php(15): view('Tecnicas/nav1')
 4 SYSTEMPATH\View\View.php(224): include('C:\\xampp\\htdocs\\codeigniter4\\app\\Views\\Tecnicas\\TareasCompartidas.php')
 5 SYSTEMPATH\View\View.php(227): CodeIgniter\View\View->CodeIgniter\View\{closure}()
 6 SYSTEMPATH\Common.php(1173): CodeIgniter\View\View->render('Tecnicas/TareasCompartidas', [], true)
 7 APPPATH\Controllers\Tecnicas\Controlador.php(45): view('Tecnicas/TareasCompartidas')
 8 SYSTEMPATH\CodeIgniter.php(933): App\Controllers\Tecnicas\Controlador->tareasCompartidas()
 9 SYSTEMPATH\CodeIgniter.php(507): CodeIgniter\CodeIgniter->runController(Object(App\Controllers\Tecnicas\Controlador))
10 SYSTEMPATH\CodeIgniter.php(354): CodeIgniter\CodeIgniter->handleRequest(null, Object(Config\Cache), false)
11 SYSTEMPATH\Boot.php(334): CodeIgniter\CodeIgniter->run()
12 SYSTEMPATH\Boot.php(67): CodeIgniter\Boot::runCodeIgniter(Object(CodeIgniter\CodeIgniter))
13 FCPATH\index.php(56): CodeIgniter\Boot::bootWeb(Object(Config\Paths))
CRITICAL - 2025-04-26 00:26:06 --> CodeIgniter\View\Exceptions\ViewException: Invalid file: "Tecnicas/nav1.php"
[Method: GET, Route: Compartidos]
in SYSTEMPATH\Exceptions\FrameworkException.php on line 39.
 1 SYSTEMPATH\View\View.php(212): CodeIgniter\Exceptions\FrameworkException::forInvalidFile('Tecnicas/nav1.php')
 2 SYSTEMPATH\Common.php(1173): CodeIgniter\View\View->render('Tecnicas/nav1', [], true)
 3 APPPATH\Views\Tecnicas\TareasCompartidas.php(15): view('Tecnicas/nav1')
 4 SYSTEMPATH\View\View.php(224): include('C:\\xampp\\htdocs\\codeigniter4\\app\\Views\\Tecnicas\\TareasCompartidas.php')
 5 SYSTEMPATH\View\View.php(227): CodeIgniter\View\View->CodeIgniter\View\{closure}()
 6 SYSTEMPATH\Common.php(1173): CodeIgniter\View\View->render('Tecnicas/TareasCompartidas', [], true)
 7 APPPATH\Controllers\Tecnicas\Controlador.php(45): view('Tecnicas/TareasCompartidas')
 8 SYSTEMPATH\CodeIgniter.php(933): App\Controllers\Tecnicas\Controlador->tareasCompartidas()
 9 SYSTEMPATH\CodeIgniter.php(507): CodeIgniter\CodeIgniter->runController(Object(App\Controllers\Tecnicas\Controlador))
10 SYSTEMPATH\CodeIgniter.php(354): CodeIgniter\CodeIgniter->handleRequest(null, Object(Config\Cache), false)
11 SYSTEMPATH\Boot.php(334): CodeIgniter\CodeIgniter->run()
12 SYSTEMPATH\Boot.php(67): CodeIgniter\Boot::runCodeIgniter(Object(CodeIgniter\CodeIgniter))
13 FCPATH\index.php(56): CodeIgniter\Boot::bootWeb(Object(Config\Paths))
CRITICAL - 2025-04-26 00:26:07 --> CodeIgniter\View\Exceptions\ViewException: Invalid file: "Tecnicas/nav1.php"
[Method: GET, Route: Compartidos]
in SYSTEMPATH\Exceptions\FrameworkException.php on line 39.
 1 SYSTEMPATH\View\View.php(212): CodeIgniter\Exceptions\FrameworkException::forInvalidFile('Tecnicas/nav1.php')
 2 SYSTEMPATH\Common.php(1173): CodeIgniter\View\View->render('Tecnicas/nav1', [], true)
 3 APPPATH\Views\Tecnicas\TareasCompartidas.php(15): view('Tecnicas/nav1')
 4 SYSTEMPATH\View\View.php(224): include('C:\\xampp\\htdocs\\codeigniter4\\app\\Views\\Tecnicas\\TareasCompartidas.php')
 5 SYSTEMPATH\View\View.php(227): CodeIgniter\View\View->CodeIgniter\View\{closure}()
 6 SYSTEMPATH\Common.php(1173): CodeIgniter\View\View->render('Tecnicas/TareasCompartidas', [], true)
 7 APPPATH\Controllers\Tecnicas\Controlador.php(45): view('Tecnicas/TareasCompartidas')
 8 SYSTEMPATH\CodeIgniter.php(933): App\Controllers\Tecnicas\Controlador->tareasCompartidas()
 9 SYSTEMPATH\CodeIgniter.php(507): CodeIgniter\CodeIgniter->runController(Object(App\Controllers\Tecnicas\Controlador))
10 SYSTEMPATH\CodeIgniter.php(354): CodeIgniter\CodeIgniter->handleRequest(null, Object(Config\Cache), false)
11 SYSTEMPATH\Boot.php(334): CodeIgniter\CodeIgniter->run()
12 SYSTEMPATH\Boot.php(67): CodeIgniter\Boot::runCodeIgniter(Object(CodeIgniter\CodeIgniter))
13 FCPATH\index.php(56): CodeIgniter\Boot::bootWeb(Object(Config\Paths))
CRITICAL - 2025-04-26 00:27:00 --> CodeIgniter\View\Exceptions\ViewException: Invalid file: "Tecnicas/nav1.php"
[Method: GET, Route: Compartidos]
in SYSTEMPATH\Exceptions\FrameworkException.php on line 39.
 1 SYSTEMPATH\View\View.php(212): CodeIgniter\Exceptions\FrameworkException::forInvalidFile('Tecnicas/nav1.php')
 2 SYSTEMPATH\Common.php(1173): CodeIgniter\View\View->render('Tecnicas/nav1', [], true)
 3 APPPATH\Views\Tecnicas\TareasCompartidas.php(15): view('Tecnicas/nav1')
 4 SYSTEMPATH\View\View.php(224): include('C:\\xampp\\htdocs\\codeigniter4\\app\\Views\\Tecnicas\\TareasCompartidas.php')
 5 SYSTEMPATH\View\View.php(227): CodeIgniter\View\View->CodeIgniter\View\{closure}()
 6 SYSTEMPATH\Common.php(1173): CodeIgniter\View\View->render('Tecnicas/TareasCompartidas', [], true)
 7 APPPATH\Controllers\Tecnicas\Controlador.php(45): view('Tecnicas/TareasCompartidas')
 8 SYSTEMPATH\CodeIgniter.php(933): App\Controllers\Tecnicas\Controlador->tareasCompartidas()
 9 SYSTEMPATH\CodeIgniter.php(507): CodeIgniter\CodeIgniter->runController(Object(App\Controllers\Tecnicas\Controlador))
10 SYSTEMPATH\CodeIgniter.php(354): CodeIgniter\CodeIgniter->handleRequest(null, Object(Config\Cache), false)
11 SYSTEMPATH\Boot.php(334): CodeIgniter\CodeIgniter->run()
12 SYSTEMPATH\Boot.php(67): CodeIgniter\Boot::runCodeIgniter(Object(CodeIgniter\CodeIgniter))
13 FCPATH\index.php(56): CodeIgniter\Boot::bootWeb(Object(Config\Paths))
CRITICAL - 2025-04-26 00:27:01 --> CodeIgniter\View\Exceptions\ViewException: Invalid file: "Tecnicas/nav1.php"
[Method: GET, Route: Compartidos]
in SYSTEMPATH\Exceptions\FrameworkException.php on line 39.
 1 SYSTEMPATH\View\View.php(212): CodeIgniter\Exceptions\FrameworkException::forInvalidFile('Tecnicas/nav1.php')
 2 SYSTEMPATH\Common.php(1173): CodeIgniter\View\View->render('Tecnicas/nav1', [], true)
 3 APPPATH\Views\Tecnicas\TareasCompartidas.php(15): view('Tecnicas/nav1')
 4 SYSTEMPATH\View\View.php(224): include('C:\\xampp\\htdocs\\codeigniter4\\app\\Views\\Tecnicas\\TareasCompartidas.php')
 5 SYSTEMPATH\View\View.php(227): CodeIgniter\View\View->CodeIgniter\View\{closure}()
 6 SYSTEMPATH\Common.php(1173): CodeIgniter\View\View->render('Tecnicas/TareasCompartidas', [], true)
 7 APPPATH\Controllers\Tecnicas\Controlador.php(45): view('Tecnicas/TareasCompartidas')
 8 SYSTEMPATH\CodeIgniter.php(933): App\Controllers\Tecnicas\Controlador->tareasCompartidas()
 9 SYSTEMPATH\CodeIgniter.php(507): CodeIgniter\CodeIgniter->runController(Object(App\Controllers\Tecnicas\Controlador))
10 SYSTEMPATH\CodeIgniter.php(354): CodeIgniter\CodeIgniter->handleRequest(null, Object(Config\Cache), false)
11 SYSTEMPATH\Boot.php(334): CodeIgniter\CodeIgniter->run()
12 SYSTEMPATH\Boot.php(67): CodeIgniter\Boot::runCodeIgniter(Object(CodeIgniter\CodeIgniter))
13 FCPATH\index.php(56): CodeIgniter\Boot::bootWeb(Object(Config\Paths))
CRITICAL - 2025-04-26 00:27:01 --> CodeIgniter\View\Exceptions\ViewException: Invalid file: "Tecnicas/nav1.php"
[Method: GET, Route: Compartidos]
in SYSTEMPATH\Exceptions\FrameworkException.php on line 39.
 1 SYSTEMPATH\View\View.php(212): CodeIgniter\Exceptions\FrameworkException::forInvalidFile('Tecnicas/nav1.php')
 2 SYSTEMPATH\Common.php(1173): CodeIgniter\View\View->render('Tecnicas/nav1', [], true)
 3 APPPATH\Views\Tecnicas\TareasCompartidas.php(15): view('Tecnicas/nav1')
 4 SYSTEMPATH\View\View.php(224): include('C:\\xampp\\htdocs\\codeigniter4\\app\\Views\\Tecnicas\\TareasCompartidas.php')
 5 SYSTEMPATH\View\View.php(227): CodeIgniter\View\View->CodeIgniter\View\{closure}()
 6 SYSTEMPATH\Common.php(1173): CodeIgniter\View\View->render('Tecnicas/TareasCompartidas', [], true)
 7 APPPATH\Controllers\Tecnicas\Controlador.php(45): view('Tecnicas/TareasCompartidas')
 8 SYSTEMPATH\CodeIgniter.php(933): App\Controllers\Tecnicas\Controlador->tareasCompartidas()
 9 SYSTEMPATH\CodeIgniter.php(507): CodeIgniter\CodeIgniter->runController(Object(App\Controllers\Tecnicas\Controlador))
10 SYSTEMPATH\CodeIgniter.php(354): CodeIgniter\CodeIgniter->handleRequest(null, Object(Config\Cache), false)
11 SYSTEMPATH\Boot.php(334): CodeIgniter\CodeIgniter->run()
12 SYSTEMPATH\Boot.php(67): CodeIgniter\Boot::runCodeIgniter(Object(CodeIgniter\CodeIgniter))
13 FCPATH\index.php(56): CodeIgniter\Boot::bootWeb(Object(Config\Paths))
CRITICAL - 2025-04-26 00:30:58 --> CodeIgniter\View\Exceptions\ViewException: Invalid file: "Tecnicas/Nav/Enlaces.php"
[Method: GET, Route: Principal]
in SYSTEMPATH\Exceptions\FrameworkException.php on line 39.
 1 SYSTEMPATH\View\View.php(212): CodeIgniter\Exceptions\FrameworkException::forInvalidFile('Tecnicas/Nav/Enlaces.php')
 2 SYSTEMPATH\Common.php(1173): CodeIgniter\View\View->render('Tecnicas/Nav/Enlaces', [], true)
 3 APPPATH\Views\Tecnicas\principal.php(7): view('Tecnicas/Nav/Enlaces')
 4 SYSTEMPATH\View\View.php(224): include('C:\\xampp\\htdocs\\codeigniter4\\app\\Views\\Tecnicas\\principal.php')
 5 SYSTEMPATH\View\View.php(227): CodeIgniter\View\View->CodeIgniter\View\{closure}()
 6 SYSTEMPATH\Common.php(1173): CodeIgniter\View\View->render('Tecnicas/principal', [], true)
 7 APPPATH\Controllers\Tecnicas\Controlador.php(11): view('Tecnicas/principal')
 8 SYSTEMPATH\CodeIgniter.php(933): App\Controllers\Tecnicas\Controlador->index()
 9 SYSTEMPATH\CodeIgniter.php(507): CodeIgniter\CodeIgniter->runController(Object(App\Controllers\Tecnicas\Controlador))
10 SYSTEMPATH\CodeIgniter.php(354): CodeIgniter\CodeIgniter->handleRequest(null, Object(Config\Cache), false)
11 SYSTEMPATH\Boot.php(334): CodeIgniter\CodeIgniter->run()
12 SYSTEMPATH\Boot.php(67): CodeIgniter\Boot::runCodeIgniter(Object(CodeIgniter\CodeIgniter))
13 FCPATH\index.php(56): CodeIgniter\Boot::bootWeb(Object(Config\Paths))
CRITICAL - 2025-04-26 00:31:13 --> CodeIgniter\View\Exceptions\ViewException: Invalid file: "Tecnicas/Nav/Enlaces.php"
[Method: GET, Route: Login]
in SYSTEMPATH\Exceptions\FrameworkException.php on line 39.
 1 SYSTEMPATH\View\View.php(212): CodeIgniter\Exceptions\FrameworkException::forInvalidFile('Tecnicas/Nav/Enlaces.php')
 2 SYSTEMPATH\Common.php(1173): CodeIgniter\View\View->render('Tecnicas/Nav/Enlaces', [], true)
 3 APPPATH\Views\Tecnicas\Login.php(6): view('Tecnicas/Nav/Enlaces')
 4 SYSTEMPATH\View\View.php(224): include('C:\\xampp\\htdocs\\codeigniter4\\app\\Views\\Tecnicas\\Login.php')
 5 SYSTEMPATH\View\View.php(227): CodeIgniter\View\View->CodeIgniter\View\{closure}()
 6 SYSTEMPATH\Common.php(1173): CodeIgniter\View\View->render('Tecnicas/Login', [], true)
 7 APPPATH\Controllers\Tecnicas\Controlador.php(14): view('Tecnicas/Login')
 8 SYSTEMPATH\CodeIgniter.php(933): App\Controllers\Tecnicas\Controlador->login()
 9 SYSTEMPATH\CodeIgniter.php(507): CodeIgniter\CodeIgniter->runController(Object(App\Controllers\Tecnicas\Controlador))
10 SYSTEMPATH\CodeIgniter.php(354): CodeIgniter\CodeIgniter->handleRequest(null, Object(Config\Cache), false)
11 SYSTEMPATH\Boot.php(334): CodeIgniter\CodeIgniter->run()
12 SYSTEMPATH\Boot.php(67): CodeIgniter\Boot::runCodeIgniter(Object(CodeIgniter\CodeIgniter))
13 FCPATH\index.php(56): CodeIgniter\Boot::bootWeb(Object(Config\Paths))
CRITICAL - 2025-04-26 00:31:44 --> CodeIgniter\View\Exceptions\ViewException: Invalid file: "Tecnicas/Enlaces.php"
[Method: GET, Route: Archivados]
in SYSTEMPATH\Exceptions\FrameworkException.php on line 39.
 1 SYSTEMPATH\View\View.php(212): CodeIgniter\Exceptions\FrameworkException::forInvalidFile('Tecnicas/Enlaces.php')
 2 SYSTEMPATH\Common.php(1173): CodeIgniter\View\View->render('Tecnicas/Enlaces', [], true)
 3 APPPATH\Views\Tecnicas\TareasArchivadas.php(6): view('Tecnicas/Enlaces')
 4 SYSTEMPATH\View\View.php(224): include('C:\\xampp\\htdocs\\codeigniter4\\app\\Views\\Tecnicas\\TareasArchivadas.php')
 5 SYSTEMPATH\View\View.php(227): CodeIgniter\View\View->CodeIgniter\View\{closure}()
 6 SYSTEMPATH\Common.php(1173): CodeIgniter\View\View->render('Tecnicas/TareasArchivadas', [], true)
 7 APPPATH\Controllers\Tecnicas\Controlador.php(49): view('Tecnicas/TareasArchivadas')
 8 SYSTEMPATH\CodeIgniter.php(933): App\Controllers\Tecnicas\Controlador->tareasArchivadas()
 9 SYSTEMPATH\CodeIgniter.php(507): CodeIgniter\CodeIgniter->runController(Object(App\Controllers\Tecnicas\Controlador))
10 SYSTEMPATH\CodeIgniter.php(354): CodeIgniter\CodeIgniter->handleRequest(null, Object(Config\Cache), false)
11 SYSTEMPATH\Boot.php(334): CodeIgniter\CodeIgniter->run()
12 SYSTEMPATH\Boot.php(67): CodeIgniter\Boot::runCodeIgniter(Object(CodeIgniter\CodeIgniter))
13 FCPATH\index.php(56): CodeIgniter\Boot::bootWeb(Object(Config\Paths))
CRITICAL - 2025-04-26 00:34:20 --> CodeIgniter\View\Exceptions\ViewException: Invalid file: "Tecnicas/Enlaces.php"
[Method: GET, Route: Archivados]
in SYSTEMPATH\Exceptions\FrameworkException.php on line 39.
 1 SYSTEMPATH\View\View.php(212): CodeIgniter\Exceptions\FrameworkException::forInvalidFile('Tecnicas/Enlaces.php')
 2 SYSTEMPATH\Common.php(1173): CodeIgniter\View\View->render('Tecnicas/Enlaces', [], true)
 3 APPPATH\Views\Tecnicas\Tareas\TareasArchivadas.php(6): view('Tecnicas/Enlaces')
 4 SYSTEMPATH\View\View.php(224): include('C:\\xampp\\htdocs\\codeigniter4\\app\\Views\\Tecnicas\\Tareas\\TareasArchivadas.php')
 5 SYSTEMPATH\View\View.php(227): CodeIgniter\View\View->CodeIgniter\View\{closure}()
 6 SYSTEMPATH\Common.php(1173): CodeIgniter\View\View->render('Tecnicas/Tareas/TareasArchivadas', [], true)
 7 APPPATH\Controllers\Tecnicas\Controlador.php(49): view('Tecnicas/Tareas/TareasArchivadas')
 8 SYSTEMPATH\CodeIgniter.php(933): App\Controllers\Tecnicas\Controlador->tareasArchivadas()
 9 SYSTEMPATH\CodeIgniter.php(507): CodeIgniter\CodeIgniter->runController(Object(App\Controllers\Tecnicas\Controlador))
10 SYSTEMPATH\CodeIgniter.php(354): CodeIgniter\CodeIgniter->handleRequest(null, Object(Config\Cache), false)
11 SYSTEMPATH\Boot.php(334): CodeIgniter\CodeIgniter->run()
12 SYSTEMPATH\Boot.php(67): CodeIgniter\Boot::runCodeIgniter(Object(CodeIgniter\CodeIgniter))
13 FCPATH\index.php(56): CodeIgniter\Boot::bootWeb(Object(Config\Paths))
CRITICAL - 2025-04-26 00:34:52 --> CodeIgniter\View\Exceptions\ViewException: Invalid file: "Tecnicas/Enlaces.php"
[Method: GET, Route: Archivados]
in SYSTEMPATH\Exceptions\FrameworkException.php on line 39.
 1 SYSTEMPATH\View\View.php(212): CodeIgniter\Exceptions\FrameworkException::forInvalidFile('Tecnicas/Enlaces.php')
 2 SYSTEMPATH\Common.php(1173): CodeIgniter\View\View->render('Tecnicas/Enlaces', [], true)
 3 APPPATH\Views\Tecnicas\Tareas\TareasArchivadas.php(6): view('Tecnicas/Enlaces')
 4 SYSTEMPATH\View\View.php(224): include('C:\\xampp\\htdocs\\codeigniter4\\app\\Views\\Tecnicas\\Tareas\\TareasArchivadas.php')
 5 SYSTEMPATH\View\View.php(227): CodeIgniter\View\View->CodeIgniter\View\{closure}()
 6 SYSTEMPATH\Common.php(1173): CodeIgniter\View\View->render('Tecnicas/Tareas/TareasArchivadas', [], true)
 7 APPPATH\Controllers\Tecnicas\Controlador.php(49): view('Tecnicas/Tareas/TareasArchivadas')
 8 SYSTEMPATH\CodeIgniter.php(933): App\Controllers\Tecnicas\Controlador->tareasArchivadas()
 9 SYSTEMPATH\CodeIgniter.php(507): CodeIgniter\CodeIgniter->runController(Object(App\Controllers\Tecnicas\Controlador))
10 SYSTEMPATH\CodeIgniter.php(354): CodeIgniter\CodeIgniter->handleRequest(null, Object(Config\Cache), false)
11 SYSTEMPATH\Boot.php(334): CodeIgniter\CodeIgniter->run()
12 SYSTEMPATH\Boot.php(67): CodeIgniter\Boot::runCodeIgniter(Object(CodeIgniter\CodeIgniter))
13 FCPATH\index.php(56): CodeIgniter\Boot::bootWeb(Object(Config\Paths))
CRITICAL - 2025-04-26 00:34:59 --> CodeIgniter\View\Exceptions\ViewException: Invalid file: "Tecnicas/opcionesTareaMobile.php"
[Method: GET, Route: Principal]
in SYSTEMPATH\Exceptions\FrameworkException.php on line 39.
 1 SYSTEMPATH\View\View.php(212): CodeIgniter\Exceptions\FrameworkException::forInvalidFile('Tecnicas/opcionesTareaMobile.php')
 2 SYSTEMPATH\Common.php(1173): CodeIgniter\View\View->render('Tecnicas/opcionesTareaMobile', [], true)
 3 APPPATH\Views\Tecnicas\Tareas\opcionesTareaActual.php(26): view('Tecnicas/opcionesTareaMobile')
 4 SYSTEMPATH\View\View.php(224): include('C:\\xampp\\htdocs\\codeigniter4\\app\\Views\\Tecnicas\\Tareas\\opcionesTareaActual.php')
 5 SYSTEMPATH\View\View.php(227): CodeIgniter\View\View->CodeIgniter\View\{closure}()
 6 SYSTEMPATH\Common.php(1173): CodeIgniter\View\View->render('Tecnicas/Tareas/opcionesTareaActual', [], true)
 7 APPPATH\Views\Tecnicas\principal.php(28): view('Tecnicas/Tareas/opcionesTareaActual')
 8 SYSTEMPATH\View\View.php(224): include('C:\\xampp\\htdocs\\codeigniter4\\app\\Views\\Tecnicas\\principal.php')
 9 SYSTEMPATH\View\View.php(227): CodeIgniter\View\View->CodeIgniter\View\{closure}()
10 SYSTEMPATH\Common.php(1173): CodeIgniter\View\View->render('Tecnicas/principal', [], true)
11 APPPATH\Controllers\Tecnicas\Controlador.php(11): view('Tecnicas/principal')
12 SYSTEMPATH\CodeIgniter.php(933): App\Controllers\Tecnicas\Controlador->index()
13 SYSTEMPATH\CodeIgniter.php(507): CodeIgniter\CodeIgniter->runController(Object(App\Controllers\Tecnicas\Controlador))
14 SYSTEMPATH\CodeIgniter.php(354): CodeIgniter\CodeIgniter->handleRequest(null, Object(Config\Cache), false)
15 SYSTEMPATH\Boot.php(334): CodeIgniter\CodeIgniter->run()
16 SYSTEMPATH\Boot.php(67): CodeIgniter\Boot::runCodeIgniter(Object(CodeIgniter\CodeIgniter))
17 FCPATH\index.php(56): CodeIgniter\Boot::bootWeb(Object(Config\Paths))
CRITICAL - 2025-04-26 00:36:34 --> CodeIgniter\View\Exceptions\ViewException: Invalid file: "Tecnicas/Enlaces.php"
[Method: GET, Route: Archivados]
in SYSTEMPATH\Exceptions\FrameworkException.php on line 39.
 1 SYSTEMPATH\View\View.php(212): CodeIgniter\Exceptions\FrameworkException::forInvalidFile('Tecnicas/Enlaces.php')
 2 SYSTEMPATH\Common.php(1173): CodeIgniter\View\View->render('Tecnicas/Enlaces', [], true)
 3 APPPATH\Views\Tecnicas\Tareas\TareasArchivadas.php(6): view('Tecnicas/Enlaces')
 4 SYSTEMPATH\View\View.php(224): include('C:\\xampp\\htdocs\\codeigniter4\\app\\Views\\Tecnicas\\Tareas\\TareasArchivadas.php')
 5 SYSTEMPATH\View\View.php(227): CodeIgniter\View\View->CodeIgniter\View\{closure}()
 6 SYSTEMPATH\Common.php(1173): CodeIgniter\View\View->render('Tecnicas/Tareas/TareasArchivadas', [], true)
 7 APPPATH\Controllers\Tecnicas\Controlador.php(49): view('Tecnicas/Tareas/TareasArchivadas')
 8 SYSTEMPATH\CodeIgniter.php(933): App\Controllers\Tecnicas\Controlador->tareasArchivadas()
 9 SYSTEMPATH\CodeIgniter.php(507): CodeIgniter\CodeIgniter->runController(Object(App\Controllers\Tecnicas\Controlador))
10 SYSTEMPATH\CodeIgniter.php(354): CodeIgniter\CodeIgniter->handleRequest(null, Object(Config\Cache), false)
11 SYSTEMPATH\Boot.php(334): CodeIgniter\CodeIgniter->run()
12 SYSTEMPATH\Boot.php(67): CodeIgniter\Boot::runCodeIgniter(Object(CodeIgniter\CodeIgniter))
13 FCPATH\index.php(56): CodeIgniter\Boot::bootWeb(Object(Config\Paths))
CRITICAL - 2025-04-26 00:36:43 --> CodeIgniter\View\Exceptions\ViewException: Invalid file: "Tecnicas/Enlaces.php"
[Method: GET, Route: Perfil]
in SYSTEMPATH\Exceptions\FrameworkException.php on line 39.
 1 SYSTEMPATH\View\View.php(212): CodeIgniter\Exceptions\FrameworkException::forInvalidFile('Tecnicas/Enlaces.php')
 2 SYSTEMPATH\Common.php(1173): CodeIgniter\View\View->render('Tecnicas/Enlaces', [], true)
 3 APPPATH\Views\Tecnicas\Usuario\PerfilUsuario.php(6): view('Tecnicas/Enlaces')
 4 SYSTEMPATH\View\View.php(224): include('C:\\xampp\\htdocs\\codeigniter4\\app\\Views\\Tecnicas\\Usuario\\PerfilUsuario.php')
 5 SYSTEMPATH\View\View.php(227): CodeIgniter\View\View->CodeIgniter\View\{closure}()
 6 SYSTEMPATH\Common.php(1173): CodeIgniter\View\View->render('Tecnicas/Usuario/PerfilUsuario', [], true)
 7 APPPATH\Controllers\Tecnicas\Controlador.php(41): view('Tecnicas/Usuario/PerfilUsuario')
 8 SYSTEMPATH\CodeIgniter.php(933): App\Controllers\Tecnicas\Controlador->perfilUsuario()
 9 SYSTEMPATH\CodeIgniter.php(507): CodeIgniter\CodeIgniter->runController(Object(App\Controllers\Tecnicas\Controlador))
10 SYSTEMPATH\CodeIgniter.php(354): CodeIgniter\CodeIgniter->handleRequest(null, Object(Config\Cache), false)
11 SYSTEMPATH\Boot.php(334): CodeIgniter\CodeIgniter->run()
12 SYSTEMPATH\Boot.php(67): CodeIgniter\Boot::runCodeIgniter(Object(CodeIgniter\CodeIgniter))
13 FCPATH\index.php(56): CodeIgniter\Boot::bootWeb(Object(Config\Paths))
CRITICAL - 2025-04-26 00:37:04 --> CodeIgniter\View\Exceptions\ViewException: Invalid file: "Tecnicas/nav1.php"
[Method: GET, Route: Perfil]
in SYSTEMPATH\Exceptions\FrameworkException.php on line 39.
 1 SYSTEMPATH\View\View.php(212): CodeIgniter\Exceptions\FrameworkException::forInvalidFile('Tecnicas/nav1.php')
 2 SYSTEMPATH\Common.php(1173): CodeIgniter\View\View->render('Tecnicas/nav1', [], true)
 3 APPPATH\Views\Tecnicas\Usuario\PerfilUsuario.php(15): view('Tecnicas/nav1')
 4 SYSTEMPATH\View\View.php(224): include('C:\\xampp\\htdocs\\codeigniter4\\app\\Views\\Tecnicas\\Usuario\\PerfilUsuario.php')
 5 SYSTEMPATH\View\View.php(227): CodeIgniter\View\View->CodeIgniter\View\{closure}()
 6 SYSTEMPATH\Common.php(1173): CodeIgniter\View\View->render('Tecnicas/Usuario/PerfilUsuario', [], true)
 7 APPPATH\Controllers\Tecnicas\Controlador.php(41): view('Tecnicas/Usuario/PerfilUsuario')
 8 SYSTEMPATH\CodeIgniter.php(933): App\Controllers\Tecnicas\Controlador->perfilUsuario()
 9 SYSTEMPATH\CodeIgniter.php(507): CodeIgniter\CodeIgniter->runController(Object(App\Controllers\Tecnicas\Controlador))
10 SYSTEMPATH\CodeIgniter.php(354): CodeIgniter\CodeIgniter->handleRequest(null, Object(Config\Cache), false)
11 SYSTEMPATH\Boot.php(334): CodeIgniter\CodeIgniter->run()
12 SYSTEMPATH\Boot.php(67): CodeIgniter\Boot::runCodeIgniter(Object(CodeIgniter\CodeIgniter))
13 FCPATH\index.php(56): CodeIgniter\Boot::bootWeb(Object(Config\Paths))
CRITICAL - 2025-04-26 00:37:19 --> CodeIgniter\View\Exceptions\ViewException: Invalid file: "Tecnicas/Enlaces.php"
[Method: GET, Route: Compartidos]
in SYSTEMPATH\Exceptions\FrameworkException.php on line 39.
 1 SYSTEMPATH\View\View.php(212): CodeIgniter\Exceptions\FrameworkException::forInvalidFile('Tecnicas/Enlaces.php')
 2 SYSTEMPATH\Common.php(1173): CodeIgniter\View\View->render('Tecnicas/Enlaces', [], true)
 3 APPPATH\Views\Tecnicas\Tareas\TareasCompartidas.php(6): view('Tecnicas/Enlaces')
 4 SYSTEMPATH\View\View.php(224): include('C:\\xampp\\htdocs\\codeigniter4\\app\\Views\\Tecnicas\\Tareas\\TareasCompartidas.php')
 5 SYSTEMPATH\View\View.php(227): CodeIgniter\View\View->CodeIgniter\View\{closure}()
 6 SYSTEMPATH\Common.php(1173): CodeIgniter\View\View->render('Tecnicas/Tareas/TareasCompartidas', [], true)
 7 APPPATH\Controllers\Tecnicas\Controlador.php(45): view('Tecnicas/Tareas/TareasCompartidas')
 8 SYSTEMPATH\CodeIgniter.php(933): App\Controllers\Tecnicas\Controlador->tareasCompartidas()
 9 SYSTEMPATH\CodeIgniter.php(507): CodeIgniter\CodeIgniter->runController(Object(App\Controllers\Tecnicas\Controlador))
10 SYSTEMPATH\CodeIgniter.php(354): CodeIgniter\CodeIgniter->handleRequest(null, Object(Config\Cache), false)
11 SYSTEMPATH\Boot.php(334): CodeIgniter\CodeIgniter->run()
12 SYSTEMPATH\Boot.php(67): CodeIgniter\Boot::runCodeIgniter(Object(CodeIgniter\CodeIgniter))
13 FCPATH\index.php(56): CodeIgniter\Boot::bootWeb(Object(Config\Paths))
CRITICAL - 2025-04-26 00:37:47 --> CodeIgniter\View\Exceptions\ViewException: Invalid file: "Tecnicas/Enlaces.php"
[Method: GET, Route: Archivados]
in SYSTEMPATH\Exceptions\FrameworkException.php on line 39.
 1 SYSTEMPATH\View\View.php(212): CodeIgniter\Exceptions\FrameworkException::forInvalidFile('Tecnicas/Enlaces.php')
 2 SYSTEMPATH\Common.php(1173): CodeIgniter\View\View->render('Tecnicas/Enlaces', [], true)
 3 APPPATH\Views\Tecnicas\Tareas\TareasArchivadas.php(6): view('Tecnicas/Enlaces')
 4 SYSTEMPATH\View\View.php(224): include('C:\\xampp\\htdocs\\codeigniter4\\app\\Views\\Tecnicas\\Tareas\\TareasArchivadas.php')
 5 SYSTEMPATH\View\View.php(227): CodeIgniter\View\View->CodeIgniter\View\{closure}()
 6 SYSTEMPATH\Common.php(1173): CodeIgniter\View\View->render('Tecnicas/Tareas/TareasArchivadas', [], true)
 7 APPPATH\Controllers\Tecnicas\Controlador.php(49): view('Tecnicas/Tareas/TareasArchivadas')
 8 SYSTEMPATH\CodeIgniter.php(933): App\Controllers\Tecnicas\Controlador->tareasArchivadas()
 9 SYSTEMPATH\CodeIgniter.php(507): CodeIgniter\CodeIgniter->runController(Object(App\Controllers\Tecnicas\Controlador))
10 SYSTEMPATH\CodeIgniter.php(354): CodeIgniter\CodeIgniter->handleRequest(null, Object(Config\Cache), false)
11 SYSTEMPATH\Boot.php(334): CodeIgniter\CodeIgniter->run()
12 SYSTEMPATH\Boot.php(67): CodeIgniter\Boot::runCodeIgniter(Object(CodeIgniter\CodeIgniter))
13 FCPATH\index.php(56): CodeIgniter\Boot::bootWeb(Object(Config\Paths))
CRITICAL - 2025-04-26 00:50:06 --> ErrorException: Cannot use empty array elements in arrays
[Method: GET, Route: Login]
in APPPATH\Views\Tecnicas\Formularios\Login.php on line 166.
 1 [internal function]: CodeIgniter\Debug\Exceptions->shutdownHandler()
CRITICAL - 2025-04-26 00:51:20 --> ErrorException: Cannot use empty array elements in arrays
[Method: GET, Route: Principal]
in APPPATH\Views\Tecnicas\Formularios\ModalesTarea.php on line 21.
 1 [internal function]: CodeIgniter\Debug\Exceptions->shutdownHandler()
CRITICAL - 2025-04-26 00:51:21 --> ErrorException: Cannot use empty array elements in arrays
[Method: GET, Route: Principal]
in APPPATH\Views\Tecnicas\Formularios\ModalesTarea.php on line 21.
 1 [internal function]: CodeIgniter\Debug\Exceptions->shutdownHandler()
CRITICAL - 2025-04-26 00:51:22 --> ErrorException: Cannot use empty array elements in arrays
[Method: GET, Route: Principal]
in APPPATH\Views\Tecnicas\Formularios\ModalesTarea.php on line 21.
 1 [internal function]: CodeIgniter\Debug\Exceptions->shutdownHandler()
CRITICAL - 2025-04-26 00:51:51 --> ErrorException: Cannot use empty array elements in arrays
[Method: GET, Route: Principal]
in APPPATH\Views\Tecnicas\Formularios\ModalesTarea.php on line 21.
 1 [internal function]: CodeIgniter\Debug\Exceptions->shutdownHandler()
CRITICAL - 2025-04-26 00:53:26 --> ErrorException: Cannot use empty array elements in arrays
[Method: GET, Route: Principal]
in APPPATH\Views\Tecnicas\Formularios\ModalesTarea.php on line 78.
 1 [internal function]: CodeIgniter\Debug\Exceptions->shutdownHandler()
CRITICAL - 2025-04-26 04:38:04 --> CodeIgniter\View\Exceptions\ViewException: Invalid file: "Tecnicas/Tareas/ColoresTareaPrioridad.php"
[Method: GET, Route: Principal]
in SYSTEMPATH\Exceptions\FrameworkException.php on line 39.
 1 SYSTEMPATH\View\View.php(212): CodeIgniter\Exceptions\FrameworkException::forInvalidFile('Tecnicas/Tareas/ColoresTareaPrioridad.php')
 2 SYSTEMPATH\Common.php(1173): CodeIgniter\View\View->render('Tecnicas/Tareas/ColoresTareaPrioridad', [], true)
 3 APPPATH\Views\Tecnicas\principal.php(48): view('Tecnicas/Tareas/ColoresTareaPrioridad')
 4 SYSTEMPATH\View\View.php(224): include('C:\\xampp\\htdocs\\codeigniter4\\app\\Views\\Tecnicas\\principal.php')
 5 SYSTEMPATH\View\View.php(227): CodeIgniter\View\View->CodeIgniter\View\{closure}()
 6 SYSTEMPATH\Common.php(1173): CodeIgniter\View\View->render('Tecnicas/principal', [], true)
 7 APPPATH\Controllers\Tecnicas\Controlador.php(11): view('Tecnicas/principal')
 8 SYSTEMPATH\CodeIgniter.php(933): App\Controllers\Tecnicas\Controlador->index()
 9 SYSTEMPATH\CodeIgniter.php(507): CodeIgniter\CodeIgniter->runController(Object(App\Controllers\Tecnicas\Controlador))
10 SYSTEMPATH\CodeIgniter.php(354): CodeIgniter\CodeIgniter->handleRequest(null, Object(Config\Cache), false)
11 SYSTEMPATH\Boot.php(334): CodeIgniter\CodeIgniter->run()
12 SYSTEMPATH\Boot.php(67): CodeIgniter\Boot::runCodeIgniter(Object(CodeIgniter\CodeIgniter))
13 FCPATH\index.php(56): CodeIgniter\Boot::bootWeb(Object(Config\Paths))
DEBUG - 2025-04-26 21:58:25 --> Session: Class initialized using 'CodeIgniter\Session\Handlers\FileHandler' driver.
DEBUG - 2025-04-26 21:59:29 --> Session: Class initialized using 'CodeIgniter\Session\Handlers\FileHandler' driver.
DEBUG - 2025-04-26 22:00:38 --> Session: Class initialized using 'CodeIgniter\Session\Handlers\FileHandler' driver.
DEBUG - 2025-04-26 22:00:38 --> Session: Class initialized using 'CodeIgniter\Session\Handlers\FileHandler' driver.
DEBUG - 2025-04-26 22:05:53 --> Session: Class initialized using 'CodeIgniter\Session\Handlers\FileHandler' driver.
DEBUG - 2025-04-26 22:05:56 --> Session: Class initialized using 'CodeIgniter\Session\Handlers\FileHandler' driver.
DEBUG - 2025-04-26 22:05:56 --> Session: Class initialized using 'CodeIgniter\Session\Handlers\FileHandler' driver.
DEBUG - 2025-04-26 22:06:02 --> Session: Class initialized using 'CodeIgniter\Session\Handlers\FileHandler' driver.
DEBUG - 2025-04-26 22:06:02 --> Session: Class initialized using 'CodeIgniter\Session\Handlers\FileHandler' driver.
DEBUG - 2025-04-26 22:12:52 --> Session: Class initialized using 'CodeIgniter\Session\Handlers\FileHandler' driver.
DEBUG - 2025-04-26 22:12:54 --> Session: Class initialized using 'CodeIgniter\Session\Handlers\FileHandler' driver.
DEBUG - 2025-04-26 22:12:54 --> Session: Class initialized using 'CodeIgniter\Session\Handlers\FileHandler' driver.
DEBUG - 2025-04-26 22:13:01 --> Session: Class initialized using 'CodeIgniter\Session\Handlers\FileHandler' driver.
DEBUG - 2025-04-26 22:13:01 --> Session: Class initialized using 'CodeIgniter\Session\Handlers\FileHandler' driver.
DEBUG - 2025-04-26 22:13:19 --> Session: Class initialized using 'CodeIgniter\Session\Handlers\FileHandler' driver.
DEBUG - 2025-04-26 22:16:18 --> Session: Class initialized using 'CodeIgniter\Session\Handlers\FileHandler' driver.
DEBUG - 2025-04-26 22:16:20 --> Session: Class initialized using 'CodeIgniter\Session\Handlers\FileHandler' driver.
DEBUG - 2025-04-26 22:16:20 --> Session: Class initialized using 'CodeIgniter\Session\Handlers\FileHandler' driver.
DEBUG - 2025-04-26 22:16:24 --> Session: Class initialized using 'CodeIgniter\Session\Handlers\FileHandler' driver.
DEBUG - 2025-04-26 22:16:24 --> Session: Class initialized using 'CodeIgniter\Session\Handlers\FileHandler' driver.
DEBUG - 2025-04-26 22:20:54 --> Session: Class initialized using 'CodeIgniter\Session\Handlers\FileHandler' driver.
DEBUG - 2025-04-26 22:20:58 --> Session: Class initialized using 'CodeIgniter\Session\Handlers\FileHandler' driver.
DEBUG - 2025-04-26 22:20:58 --> Session: Class initialized using 'CodeIgniter\Session\Handlers\FileHandler' driver.
DEBUG - 2025-04-26 22:21:03 --> Session: Class initialized using 'CodeIgniter\Session\Handlers\FileHandler' driver.
DEBUG - 2025-04-26 22:21:05 --> Session: Class initialized using 'CodeIgniter\Session\Handlers\FileHandler' driver.
DEBUG - 2025-04-26 22:21:05 --> Session: Class initialized using 'CodeIgniter\Session\Handlers\FileHandler' driver.
DEBUG - 2025-04-26 22:22:45 --> Session: Class initialized using 'CodeIgniter\Session\Handlers\FileHandler' driver.
DEBUG - 2025-04-26 22:22:46 --> Session: Class initialized using 'CodeIgniter\Session\Handlers\FileHandler' driver.
DEBUG - 2025-04-26 22:22:46 --> Session: Class initialized using 'CodeIgniter\Session\Handlers\FileHandler' driver.
DEBUG - 2025-04-26 22:22:50 --> Session: Class initialized using 'CodeIgniter\Session\Handlers\FileHandler' driver.
DEBUG - 2025-04-26 22:22:50 --> Session: Class initialized using 'CodeIgniter\Session\Handlers\FileHandler' driver.
DEBUG - 2025-04-26 22:23:15 --> Session: Class initialized using 'CodeIgniter\Session\Handlers\FileHandler' driver.
DEBUG - 2025-04-26 22:23:16 --> Session: Class initialized using 'CodeIgniter\Session\Handlers\FileHandler' driver.
DEBUG - 2025-04-26 22:23:16 --> Session: Class initialized using 'CodeIgniter\Session\Handlers\FileHandler' driver.
DEBUG - 2025-04-26 22:23:22 --> Session: Class initialized using 'CodeIgniter\Session\Handlers\FileHandler' driver.
DEBUG - 2025-04-26 22:23:23 --> Session: Class initialized using 'CodeIgniter\Session\Handlers\FileHandler' driver.
DEBUG - 2025-04-26 22:23:24 --> Session: Class initialized using 'CodeIgniter\Session\Handlers\FileHandler' driver.
DEBUG - 2025-04-26 22:23:24 --> Session: Class initialized using 'CodeIgniter\Session\Handlers\FileHandler' driver.
DEBUG - 2025-04-26 22:23:28 --> Session: Class initialized using 'CodeIgniter\Session\Handlers\FileHandler' driver.
DEBUG - 2025-04-26 22:26:18 --> Session: Class initialized using 'CodeIgniter\Session\Handlers\FileHandler' driver.
DEBUG - 2025-04-26 22:26:20 --> Session: Class initialized using 'CodeIgniter\Session\Handlers\FileHandler' driver.
DEBUG - 2025-04-26 22:26:20 --> Session: Class initialized using 'CodeIgniter\Session\Handlers\FileHandler' driver.
DEBUG - 2025-04-26 22:26:23 --> Session: Class initialized using 'CodeIgniter\Session\Handlers\FileHandler' driver.
DEBUG - 2025-04-26 22:26:23 --> Session: Class initialized using 'CodeIgniter\Session\Handlers\FileHandler' driver.
DEBUG - 2025-04-26 22:32:06 --> Session: Class initialized using 'CodeIgniter\Session\Handlers\FileHandler' driver.
DEBUG - 2025-04-26 22:32:08 --> Session: Class initialized using 'CodeIgniter\Session\Handlers\FileHandler' driver.
DEBUG - 2025-04-26 22:32:08 --> Session: Class initialized using 'CodeIgniter\Session\Handlers\FileHandler' driver.
DEBUG - 2025-04-26 22:32:10 --> Session: Class initialized using 'CodeIgniter\Session\Handlers\FileHandler' driver.
DEBUG - 2025-04-26 22:32:10 --> Session: Class initialized using 'CodeIgniter\Session\Handlers\FileHandler' driver.
DEBUG - 2025-04-26 22:32:26 --> Session: Class initialized using 'CodeIgniter\Session\Handlers\FileHandler' driver.
DEBUG - 2025-04-26 22:32:26 --> Session: Class initialized using 'CodeIgniter\Session\Handlers\FileHandler' driver.
DEBUG - 2025-04-26 22:32:34 --> Session: Class initialized using 'CodeIgniter\Session\Handlers\FileHandler' driver.
DEBUG - 2025-04-26 22:32:34 --> Session: Class initialized using 'CodeIgniter\Session\Handlers\FileHandler' driver.
DEBUG - 2025-04-26 22:33:08 --> Session: Class initialized using 'CodeIgniter\Session\Handlers\FileHandler' driver.
DEBUG - 2025-04-26 22:33:09 --> Session: Class initialized using 'CodeIgniter\Session\Handlers\FileHandler' driver.
DEBUG - 2025-04-26 22:33:09 --> Session: Class initialized using 'CodeIgniter\Session\Handlers\FileHandler' driver.
DEBUG - 2025-04-26 22:33:13 --> Session: Class initialized using 'CodeIgniter\Session\Handlers\FileHandler' driver.
DEBUG - 2025-04-26 22:33:13 --> Session: Class initialized using 'CodeIgniter\Session\Handlers\FileHandler' driver.
DEBUG - 2025-04-26 22:33:20 --> Session: Class initialized using 'CodeIgniter\Session\Handlers\FileHandler' driver.
DEBUG - 2025-04-26 22:46:16 --> Session: Class initialized using 'CodeIgniter\Session\Handlers\FileHandler' driver.
DEBUG - 2025-04-26 22:46:18 --> Session: Class initialized using 'CodeIgniter\Session\Handlers\FileHandler' driver.
DEBUG - 2025-04-26 22:46:18 --> Session: Class initialized using 'CodeIgniter\Session\Handlers\FileHandler' driver.
DEBUG - 2025-04-26 22:47:05 --> Session: Class initialized using 'CodeIgniter\Session\Handlers\FileHandler' driver.
DEBUG - 2025-04-26 22:47:05 --> Session: Class initialized using 'CodeIgniter\Session\Handlers\FileHandler' driver.
DEBUG - 2025-04-26 22:47:20 --> Session: Class initialized using 'CodeIgniter\Session\Handlers\FileHandler' driver.
DEBUG - 2025-04-26 22:51:15 --> Session: Class initialized using 'CodeIgniter\Session\Handlers\FileHandler' driver.
DEBUG - 2025-04-26 22:51:17 --> Session: Class initialized using 'CodeIgniter\Session\Handlers\FileHandler' driver.
DEBUG - 2025-04-26 22:51:17 --> Session: Class initialized using 'CodeIgniter\Session\Handlers\FileHandler' driver.
DEBUG - 2025-04-26 22:52:55 --> Session: Class initialized using 'CodeIgniter\Session\Handlers\FileHandler' driver.
DEBUG - 2025-04-26 22:52:57 --> Session: Class initialized using 'CodeIgniter\Session\Handlers\FileHandler' driver.
DEBUG - 2025-04-26 22:52:57 --> Session: Class initialized using 'CodeIgniter\Session\Handlers\FileHandler' driver.
DEBUG - 2025-04-26 22:53:01 --> Session: Class initialized using 'CodeIgniter\Session\Handlers\FileHandler' driver.
DEBUG - 2025-04-26 22:53:01 --> Session: Class initialized using 'CodeIgniter\Session\Handlers\FileHandler' driver.
DEBUG - 2025-04-26 22:54:28 --> Session: Class initialized using 'CodeIgniter\Session\Handlers\FileHandler' driver.
DEBUG - 2025-04-26 22:54:30 --> Session: Class initialized using 'CodeIgniter\Session\Handlers\FileHandler' driver.
DEBUG - 2025-04-26 22:54:30 --> Session: Class initialized using 'CodeIgniter\Session\Handlers\FileHandler' driver.
DEBUG - 2025-04-26 22:54:44 --> Session: Class initialized using 'CodeIgniter\Session\Handlers\FileHandler' driver.
DEBUG - 2025-04-26 22:54:44 --> Session: Class initialized using 'CodeIgniter\Session\Handlers\FileHandler' driver.
DEBUG - 2025-04-26 22:54:54 --> Session: Class initialized using 'CodeIgniter\Session\Handlers\FileHandler' driver.
DEBUG - 2025-04-26 22:54:54 --> Session: Class initialized using 'CodeIgniter\Session\Handlers\FileHandler' driver.
DEBUG - 2025-04-26 22:55:00 --> Session: Class initialized using 'CodeIgniter\Session\Handlers\FileHandler' driver.
DEBUG - 2025-04-26 22:55:00 --> Session: Class initialized using 'CodeIgniter\Session\Handlers\FileHandler' driver.
DEBUG - 2025-04-26 22:56:01 --> Session: Class initialized using 'CodeIgniter\Session\Handlers\FileHandler' driver.
DEBUG - 2025-04-26 22:56:02 --> Session: Class initialized using 'CodeIgniter\Session\Handlers\FileHandler' driver.
DEBUG - 2025-04-26 22:56:02 --> Session: Class initialized using 'CodeIgniter\Session\Handlers\FileHandler' driver.
DEBUG - 2025-04-26 22:56:05 --> Session: Class initialized using 'CodeIgniter\Session\Handlers\FileHandler' driver.
DEBUG - 2025-04-26 22:56:05 --> Session: Class initialized using 'CodeIgniter\Session\Handlers\FileHandler' driver.
DEBUG - 2025-04-26 23:00:58 --> Session: Class initialized using 'CodeIgniter\Session\Handlers\FileHandler' driver.
DEBUG - 2025-04-26 23:01:01 --> Session: Class initialized using 'CodeIgniter\Session\Handlers\FileHandler' driver.
DEBUG - 2025-04-26 23:02:02 --> Session: Class initialized using 'CodeIgniter\Session\Handlers\FileHandler' driver.
DEBUG - 2025-04-26 23:02:03 --> Session: Class initialized using 'CodeIgniter\Session\Handlers\FileHandler' driver.
DEBUG - 2025-04-26 23:02:04 --> Session: Class initialized using 'CodeIgniter\Session\Handlers\FileHandler' driver.
DEBUG - 2025-04-26 23:02:31 --> Session: Class initialized using 'CodeIgniter\Session\Handlers\FileHandler' driver.
DEBUG - 2025-04-26 23:03:01 --> Session: Class initialized using 'CodeIgniter\Session\Handlers\FileHandler' driver.
DEBUG - 2025-04-26 23:03:34 --> Session: Class initialized using 'CodeIgniter\Session\Handlers\FileHandler' driver.
DEBUG - 2025-04-26 23:04:19 --> Session: Class initialized using 'CodeIgniter\Session\Handlers\FileHandler' driver.
DEBUG - 2025-04-26 23:04:27 --> Session: Class initialized using 'CodeIgniter\Session\Handlers\FileHandler' driver.
DEBUG - 2025-04-26 23:04:32 --> Session: Class initialized using 'CodeIgniter\Session\Handlers\FileHandler' driver.
DEBUG - 2025-04-26 23:05:16 --> Session: Class initialized using 'CodeIgniter\Session\Handlers\FileHandler' driver.
DEBUG - 2025-04-26 23:06:18 --> Session: Class initialized using 'CodeIgniter\Session\Handlers\FileHandler' driver.
DEBUG - 2025-04-26 23:06:37 --> Session: Class initialized using 'CodeIgniter\Session\Handlers\FileHandler' driver.
DEBUG - 2025-04-26 23:07:46 --> Session: Class initialized using 'CodeIgniter\Session\Handlers\FileHandler' driver.
DEBUG - 2025-04-26 23:16:27 --> Session: Class initialized using 'CodeIgniter\Session\Handlers\FileHandler' driver.
DEBUG - 2025-04-26 23:16:55 --> Session: Class initialized using 'CodeIgniter\Session\Handlers\FileHandler' driver.
DEBUG - 2025-04-26 23:16:55 --> Session: Class initialized using 'CodeIgniter\Session\Handlers\FileHandler' driver.
DEBUG - 2025-04-26 23:16:56 --> Session: Class initialized using 'CodeIgniter\Session\Handlers\FileHandler' driver.
DEBUG - 2025-04-26 23:17:04 --> Session: Class initialized using 'CodeIgniter\Session\Handlers\FileHandler' driver.
DEBUG - 2025-04-26 23:17:05 --> Session: Class initialized using 'CodeIgniter\Session\Handlers\FileHandler' driver.
DEBUG - 2025-04-26 23:17:05 --> Session: Class initialized using 'CodeIgniter\Session\Handlers\FileHandler' driver.
DEBUG - 2025-04-26 23:17:12 --> Session: Class initialized using 'CodeIgniter\Session\Handlers\FileHandler' driver.
DEBUG - 2025-04-26 23:17:18 --> Session: Class initialized using 'CodeIgniter\Session\Handlers\FileHandler' driver.
DEBUG - 2025-04-26 23:18:24 --> Session: Class initialized using 'CodeIgniter\Session\Handlers\FileHandler' driver.
DEBUG - 2025-04-26 23:18:37 --> Session: Class initialized using 'CodeIgniter\Session\Handlers\FileHandler' driver.
DEBUG - 2025-04-26 23:19:17 --> Session: Class initialized using 'CodeIgniter\Session\Handlers\FileHandler' driver.
DEBUG - 2025-04-26 23:19:17 --> Session: Class initialized using 'CodeIgniter\Session\Handlers\FileHandler' driver.
DEBUG - 2025-04-26 23:19:59 --> Session: Class initialized using 'CodeIgniter\Session\Handlers\FileHandler' driver.
DEBUG - 2025-04-26 23:20:01 --> Session: Class initialized using 'CodeIgniter\Session\Handlers\FileHandler' driver.
DEBUG - 2025-04-26 23:20:04 --> Session: Class initialized using 'CodeIgniter\Session\Handlers\FileHandler' driver.
DEBUG - 2025-04-26 23:20:05 --> Session: Class initialized using 'CodeIgniter\Session\Handlers\FileHandler' driver.
DEBUG - 2025-04-26 23:20:57 --> Session: Class initialized using 'CodeIgniter\Session\Handlers\FileHandler' driver.
DEBUG - 2025-04-26 23:20:57 --> Session: Class initialized using 'CodeIgniter\Session\Handlers\FileHandler' driver.
DEBUG - 2025-04-26 23:20:58 --> Session: Class initialized using 'CodeIgniter\Session\Handlers\FileHandler' driver.
DEBUG - 2025-04-26 23:21:42 --> Session: Class initialized using 'CodeIgniter\Session\Handlers\FileHandler' driver.
DEBUG - 2025-04-26 23:22:10 --> Session: Class initialized using 'CodeIgniter\Session\Handlers\FileHandler' driver.
DEBUG - 2025-04-26 23:22:49 --> Session: Class initialized using 'CodeIgniter\Session\Handlers\FileHandler' driver.
DEBUG - 2025-04-26 23:22:50 --> Session: Class initialized using 'CodeIgniter\Session\Handlers\FileHandler' driver.
DEBUG - 2025-04-26 23:22:52 --> Session: Class initialized using 'CodeIgniter\Session\Handlers\FileHandler' driver.
DEBUG - 2025-04-26 23:22:52 --> Session: Class initialized using 'CodeIgniter\Session\Handlers\FileHandler' driver.
DEBUG - 2025-04-26 23:22:54 --> Session: Class initialized using 'CodeIgniter\Session\Handlers\FileHandler' driver.
DEBUG - 2025-04-26 23:22:54 --> Session: Class initialized using 'CodeIgniter\Session\Handlers\FileHandler' driver.
DEBUG - 2025-04-26 23:27:23 --> Session: Class initialized using 'CodeIgniter\Session\Handlers\FileHandler' driver.
DEBUG - 2025-04-26 23:33:18 --> Session: Class initialized using 'CodeIgniter\Session\Handlers\FileHandler' driver.
DEBUG - 2025-04-26 23:33:20 --> Session: Class initialized using 'CodeIgniter\Session\Handlers\FileHandler' driver.
DEBUG - 2025-04-26 23:33:20 --> Session: Class initialized using 'CodeIgniter\Session\Handlers\FileHandler' driver.
DEBUG - 2025-04-26 23:33:44 --> Session: Class initialized using 'CodeIgniter\Session\Handlers\FileHandler' driver.
DEBUG - 2025-04-26 23:33:44 --> Session: Class initialized using 'CodeIgniter\Session\Handlers\FileHandler' driver.
DEBUG - 2025-04-26 23:34:12 --> Session: Class initialized using 'CodeIgniter\Session\Handlers\FileHandler' driver.
DEBUG - 2025-04-26 23:34:15 --> Session: Class initialized using 'CodeIgniter\Session\Handlers\FileHandler' driver.
DEBUG - 2025-04-26 23:34:15 --> Session: Class initialized using 'CodeIgniter\Session\Handlers\FileHandler' driver.
DEBUG - 2025-04-26 23:34:20 --> Session: Class initialized using 'CodeIgniter\Session\Handlers\FileHandler' driver.
DEBUG - 2025-04-26 23:34:20 --> Session: Class initialized using 'CodeIgniter\Session\Handlers\FileHandler' driver.
DEBUG - 2025-04-26 23:34:55 --> Session: Class initialized using 'CodeIgniter\Session\Handlers\FileHandler' driver.
DEBUG - 2025-04-26 23:34:57 --> Session: Class initialized using 'CodeIgniter\Session\Handlers\FileHandler' driver.
DEBUG - 2025-04-26 23:34:57 --> Session: Class initialized using 'CodeIgniter\Session\Handlers\FileHandler' driver.
DEBUG - 2025-04-26 23:35:01 --> Session: Class initialized using 'CodeIgniter\Session\Handlers\FileHandler' driver.
DEBUG - 2025-04-26 23:35:01 --> Session: Class initialized using 'CodeIgniter\Session\Handlers\FileHandler' driver.
